     1 00000000                                 ; SugarOS
     2 00000000                                 ; TAB=4
     3 00000000                                 
     4                                          		ORG		0x7c00          ; 指明程序的装载地址
     5 00007C00                                 
     6 00007C00                                 ; FAT12引导区设置
     7 00007C00                                 
     8 00007C00 EB 4E                           		JMP		entry           ; 跳转到标号entry
     9 00007C02 90                              		DB		0x90            ; 固定写法
    10 00007C03 48 45 4C 4C 4F 49 50 4C         		DB		"HELLOIPL"		; 启动区名称(8字节)
    11 00007C0B 0200                            		DW		512				; 扇区大小
    12 00007C0D 01                              		DB		1				; 簇大小
    13 00007C0E 0001                            		DW		1				; FAT起始位置
    14 00007C10 02                              		DB		2				; FAT个数
    15 00007C11 00E0                            		DW		224				; 根目录大小
    16 00007C13 0B40                            		DW		2880			; 磁盘大小
    17 00007C15 F0                              		DB		0xf0			; 磁盘种类
    18 00007C16 0009                            		DW		9				; FAT长度
    19 00007C18 0012                            		DW		18				; 每磁道扇区数
    20 00007C1A 0002                            		DW		2				; 磁头数
    21 00007C1C 00000000                        		DD		0				; 是否使用分区
    22 00007C20 00000B40                        		DD		2880			; 重写一次磁盘大小
    23 00007C24 00 00 29                        		DB		0,0,0x29        ; 固定写法
    24 00007C27 FFFFFFFF                        		DD		0xffffffff		; 卷标号码
    25 00007C2B 48 45 4C 4C 4F 2D 4F 53 20 20   		DB		"HELLO-OS   "	; 磁盘名称(11字节)
       00007C35 20 
    26 00007C36 46 41 54 31 32 20 20 20         		DB		"FAT12   "		; 磁盘格式名称(8字节)
    27 00007C3E 00 00 00 00 00 00 00 00 00 00   		RESB	18				; 空出18字节
       00007C48 00 00 00 00 00 00 00 00 
    28 00007C50                                 
    29 00007C50                                 ; 程序主体
    30 00007C50                                 
    31 00007C50                                 entry:
    32 00007C50 B8 0000                         		MOV		AX,0			; 初始化寄存器
    33 00007C53 8E D0                           		MOV		SS,AX			; 初始化寄存器
    34 00007C55 8E D8                           		MOV		DS,AX			; 初始化寄存器
    35 00007C57 8E C0                           		MOV		ES,AX			; 初始化寄存器
    36 00007C59 BC 7C00                         		MOV		SP,0x7c00		; 将栈顶指针(Stack Pointer,SP寄存器)移到ORG
    37 00007C5C BE 7C74                         		MOV		SI,msg          ; 给SI寄存器存入msg的地址
    38 00007C5F                                 putloop:
    39 00007C5F 8A 04                           		MOV		AL,[SI]         ; 读取第SI号内存(RAM[SI])的值到AL寄存器
    40 00007C61 83 C6 01                        		ADD		SI,1			; SI寄存器加1(地址后移一位)
    41 00007C64 3C 00                           		CMP		AL,0            ; 比较一下AL和0两个数
    42 00007C66 74 09                           		JE		fin             ; 如果AL是0(内存中的数据读完了),就跳转到fin
    43 00007C68 B4 0E                           		MOV		AH,0x0e			; 否则就显示一个文字
    44 00007C6A BB 000F                         		MOV		BX,15			; 指定字符颜色
    45 00007C6D CD 10                           		INT		0x10			; 调用显卡BIOS
    46 00007C6F EB EE                           		JMP		putloop         ; 进行下一个putloop操作
    47 00007C71                                 fin:
    48 00007C71 F4                              		HLT						; CPU等待
    49 00007C72 EB FD                           		JMP		fin				; 无限循环
    50 00007C74                                 
    51 00007C74                                 msg:
    52 00007C74 0A 0A                           		DB		0x0a, 0x0a		; 换行两次
    53 00007C76 68 65 6C 6C 6F 2C 20 77 6F 72   		DB		"hello, world"  ; 保存字符串“hello,world”
       00007C80 6C 64 
    54 00007C82 0A                              		DB		0x0a			; 换行
    55 00007C83 00                              		DB		0               ; 保存一个0,让putloop读到它时停止
    56 00007C84                                 
    57 00007C84 00 00 00 00 00 00 00 00 00 00   		RESB	0x7dfe-$		; 用0占位直到0x7dfe这个地方
       00007C8E 00 00 00 00 00 00 00 00 00 00 
       00007C98 00 00 00 00 00 00 00 00 00 00 
       00007CA2 00 00 00 00 00 00 00 00 00 00 
       00007CAC 00 00 00 00 00 00 00 00 00 00 
       00007CB6 00 00 00 00 00 00 00 00 00 00 
       00007CC0 00 00 00 00 00 00 00 00 00 00 
       00007CCA 00 00 00 00 00 00 00 00 00 00 
       00007CD4 00 00 00 00 00 00 00 00 00 00 
       00007CDE 00 00 00 00 00 00 00 00 00 00 
       00007CE8 00 00 00 00 00 00 00 00 00 00 
       00007CF2 00 00 00 00 00 00 00 00 00 00 
       00007CFC 00 00 00 00 00 00 00 00 00 00 
       00007D06 00 00 00 00 00 00 00 00 00 00 
       00007D10 00 00 00 00 00 00 00 00 00 00 
       00007D1A 00 00 00 00 00 00 00 00 00 00 
       00007D24 00 00 00 00 00 00 00 00 00 00 
       00007D2E 00 00 00 00 00 00 00 00 00 00 
       00007D38 00 00 00 00 00 00 00 00 00 00 
       00007D42 00 00 00 00 00 00 00 00 00 00 
       00007D4C 00 00 00 00 00 00 00 00 00 00 
       00007D56 00 00 00 00 00 00 00 00 00 00 
       00007D60 00 00 00 00 00 00 00 00 00 00 
       00007D6A 00 00 00 00 00 00 00 00 00 00 
       00007D74 00 00 00 00 00 00 00 00 00 00 
       00007D7E 00 00 00 00 00 00 00 00 00 00 
       00007D88 00 00 00 00 00 00 00 00 00 00 
       00007D92 00 00 00 00 00 00 00 00 00 00 
       00007D9C 00 00 00 00 00 00 00 00 00 00 
       00007DA6 00 00 00 00 00 00 00 00 00 00 
       00007DB0 00 00 00 00 00 00 00 00 00 00 
       00007DBA 00 00 00 00 00 00 00 00 00 00 
       00007DC4 00 00 00 00 00 00 00 00 00 00 
       00007DCE 00 00 00 00 00 00 00 00 00 00 
       00007DD8 00 00 00 00 00 00 00 00 00 00 
       00007DE2 00 00 00 00 00 00 00 00 00 00 
       00007DEC 00 00 00 00 00 00 00 00 00 00 
       00007DF6 00 00 00 00 00 00 00 00 
    58 00007DFE                                 
    59 00007DFE 55 AA                           		DB		0x55, 0xaa      ; 告诉BIOS这个磁盘是可启动的